<?xml version="1.0" encoding="UTF-8"?>
<!-- Generated by org.testng.reporters.JUnitReportReporter -->
<testsuite skipped="0" hostname="DESKTOP-V1F92J5" name="com.oam.configuration.CukesTestRunnerParallel" tests="10" failures="0" timestamp="2022-08-13T11:52:24 ICT" time="150.719" errors="0">
  <testcase name="runScenario" time="14.170" classname="com.oam.configuration.CukesTestRunnerParallel"/>
  <system-out/>
  <testcase name="runScenario" time="8.531" classname="com.oam.configuration.CukesTestRunnerParallel"/>
  <system-out/>
  <testcase name="runScenario" time="7.777" classname="com.oam.configuration.CukesTestRunnerParallel"/>
  <system-out/>
  <testcase name="runScenario" time="32.859" classname="com.oam.configuration.CukesTestRunnerParallel"/>
  <system-out/>
  <testcase name="runScenario" time="9.529" classname="com.oam.configuration.CukesTestRunnerParallel"/>
  <system-out/>
  <testcase name="runScenario" time="8.745" classname="com.oam.configuration.CukesTestRunnerParallel"/>
  <system-out/>
  <testcase name="runScenario" time="26.850" classname="com.oam.configuration.CukesTestRunnerParallel"/>
  <system-out/>
  <testcase name="runScenario" time="11.135" classname="com.oam.configuration.CukesTestRunnerParallel"/>
  <system-out/>
  <testcase name="runScenario" time="8.520" classname="com.oam.configuration.CukesTestRunnerParallel"/>
  <system-out/>
  <testcase name="runScenario" time="22.603" classname="com.oam.configuration.CukesTestRunnerParallel"/>
  <system-out/>
</testsuite> <!-- com.oam.configuration.CukesTestRunnerParallel -->
